[I 2023-02-15 10:05:41.955 LabApp] JupyterLab extension loaded from /home/z-4444/anaconda3/lib/python3.9/site-packages/jupyterlab
[I 2023-02-15 10:05:41.955 LabApp] JupyterLab application directory is /home/z-4444/anaconda3/share/jupyter/lab
[I 10:05:41.963 NotebookApp] The port 8888 is already in use, trying another port.
[I 10:05:41.964 NotebookApp] Serving notebooks from local directory: /home/z-4444/DS_trainning/day3
[I 10:05:41.965 NotebookApp] Jupyter Notebook 6.4.12 is running at:
[I 10:05:41.965 NotebookApp] http://localhost:8889/?token=be88626fa9e784c22fbcc52385a6ca94a8e013549c6a0ffa
[I 10:05:41.965 NotebookApp]  or http://127.0.0.1:8889/?token=be88626fa9e784c22fbcc52385a6ca94a8e013549c6a0ffa
[I 10:05:41.965 NotebookApp] Use Control-C to stop this server and shut down all kernels (twice to skip confirmation).
[C 10:05:42.019 NotebookApp] 
    
    To access the notebook, open this file in a browser:
        file:///home/z-4444/.local/share/jupyter/runtime/nbserver-13885-open.html
    Or copy and paste one of these URLs:
        http://localhost:8889/?token=be88626fa9e784c22fbcc52385a6ca94a8e013549c6a0ffa
     or http://127.0.0.1:8889/?token=be88626fa9e784c22fbcc52385a6ca94a8e013549c6a0ffa
[I 10:06:13.047 NotebookApp] Creating new notebook in 
[I 10:06:16.916 NotebookApp] Kernel started: d07d25c5-92f9-4f2b-9a43-a0d13db516c0, name: python3
[I 10:08:16.860 NotebookApp] Saving file at /Untitled.ipynb
/home/z-4444/anaconda3/lib/python3.9/site-packages/nbformat/__init__.py:128: MissingIDFieldWarning: Code cell is missing an id field, this will become a hard error in future nbformat versions. You may want to use `normalize()` on your notebooks before validations (available since nbformat 5.1.4). Previous versions of nbformat are fixing this issue transparently, and will stop doing so in the future.
  validate(nb)
/home/z-4444/anaconda3/lib/python3.9/site-packages/notebook/services/contents/manager.py:353: MissingIDFieldWarning: Code cell is missing an id field, this will become a hard error in future nbformat versions. You may want to use `normalize()` on your notebooks before validations (available since nbformat 5.1.4). Previous versions of nbformat are fixing this issue transparently, and will stop doing so in the future.
  validate_nb(model['content'])
[I 10:14:16.854 NotebookApp] Saving file at /Untitled.ipynb
[I 10:16:16.846 NotebookApp] Saving file at /Untitled.ipynb
[I 10:18:16.852 NotebookApp] Saving file at /Untitled.ipynb
[I 10:22:16.853 NotebookApp] Saving file at /Untitled.ipynb
[I 10:24:17.548 NotebookApp] Saving file at /Untitled.ipynb
[I 10:28:16.853 NotebookApp] Saving file at /Untitled.ipynb
[I 10:30:16.848 NotebookApp] Saving file at /Untitled.ipynb
[I 10:32:17.548 NotebookApp] Saving file at /Untitled.ipynb
[I 10:34:16.851 NotebookApp] Saving file at /Untitled.ipynb
[I 10:36:17.551 NotebookApp] Saving file at /Untitled.ipynb
[I 10:40:17.549 NotebookApp] Saving file at /Untitled.ipynb
[I 10:44:17.548 NotebookApp] Saving file at /Untitled.ipynb
[I 10:46:16.850 NotebookApp] Saving file at /Untitled.ipynb
[I 10:48:16.845 NotebookApp] Saving file at /Untitled.ipynb
[I 10:50:17.552 NotebookApp] Saving file at /Untitled.ipynb
[I 10:52:16.853 NotebookApp] Saving file at /Untitled.ipynb
[I 10:54:16.853 NotebookApp] Saving file at /Untitled.ipynb
[I 10:56:16.852 NotebookApp] Saving file at /Untitled.ipynb
[I 10:58:16.853 NotebookApp] Saving file at /Untitled.ipynb
[I 11:00:16.867 NotebookApp] Saving file at /Untitled.ipynb
[I 12:00:16.891 NotebookApp] Saving file at /Untitled.ipynb
[I 12:02:17.548 NotebookApp] Saving file at /Untitled.ipynb
[I 12:06:17.548 NotebookApp] Saving file at /Untitled.ipynb
[I 12:08:17.549 NotebookApp] Saving file at /Untitled.ipynb
[I 12:26:17.549 NotebookApp] Saving file at /Untitled.ipynb
[I 12:30:16.845 NotebookApp] Saving file at /Untitled.ipynb
[I 12:32:16.852 NotebookApp] Saving file at /Untitled.ipynb
[I 12:34:16.851 NotebookApp] Saving file at /Untitled.ipynb
[I 12:36:17.548 NotebookApp] Saving file at /Untitled.ipynb
[I 12:38:17.547 NotebookApp] Saving file at /Untitled.ipynb
[I 12:40:16.855 NotebookApp] Saving file at /Untitled.ipynb
[I 12:42:16.853 NotebookApp] Saving file at /Untitled.ipynb
[I 12:44:17.547 NotebookApp] Saving file at /Untitled.ipynb
[I 12:54:17.549 NotebookApp] Saving file at /Untitled.ipynb
[I 13:04:16.854 NotebookApp] Saving file at /Untitled.ipynb
[I 13:06:16.844 NotebookApp] Saving file at /Untitled.ipynb
[I 13:08:17.550 NotebookApp] Saving file at /Untitled.ipynb
[I 13:10:17.550 NotebookApp] Saving file at /Untitled.ipynb
[I 13:22:16.857 NotebookApp] Saving file at /Untitled.ipynb
[I 13:24:16.852 NotebookApp] Saving file at /Untitled.ipynb
[I 13:26:16.847 NotebookApp] Saving file at /Untitled.ipynb
[I 13:28:17.550 NotebookApp] Saving file at /Untitled.ipynb
[I 13:52:17.420 NotebookApp] Saving file at /Untitled.ipynb
[I 13:58:12.889 NotebookApp] Starting buffering for d07d25c5-92f9-4f2b-9a43-a0d13db516c0:2c50683d708b4019a6481f489cd5ce4c
[I 13:58:14.923 NotebookApp] Restoring connection for d07d25c5-92f9-4f2b-9a43-a0d13db516c0:2c50683d708b4019a6481f489cd5ce4c
[I 15:22:47.895 NotebookApp] Saving file at /Untitled.ipynb
[I 15:44:47.875 NotebookApp] Saving file at /Untitled.ipynb
[I 16:06:47.876 NotebookApp] Saving file at /Untitled.ipynb
[I 16:08:48.568 NotebookApp] Saving file at /Untitled.ipynb
[I 16:10:48.569 NotebookApp] Saving file at /Untitled.ipynb
[I 16:12:47.878 NotebookApp] Saving file at /Untitled.ipynb
[I 16:14:48.568 NotebookApp] Saving file at /Untitled.ipynb
[I 16:42:41.668 NotebookApp] Creating new notebook in 
[I 16:42:47.915 NotebookApp] Kernel started: 078d8a60-71fb-4eb5-bd95-306ac1bf71cb, name: python3
[I 16:44:47.501 NotebookApp] Saving file at /U.ipynb
[I 16:46:23.733 NotebookApp] Saving file at /U.ipynb
[W 16:46:24.112 NotebookApp] Notebook U.ipynb is not trusted
[I 16:50:47.873 NotebookApp] Saving file at /Untitled.ipynb
/home/z-4444/anaconda3/lib/python3.9/site-packages/nbformat/__init__.py:128: MissingIDFieldWarning: Code cell is missing an id field, this will become a hard error in future nbformat versions. You may want to use `normalize()` on your notebooks before validations (available since nbformat 5.1.4). Previous versions of nbformat are fixing this issue transparently, and will stop doing so in the future.
  validate(nb)
/home/z-4444/anaconda3/lib/python3.9/site-packages/notebook/services/contents/manager.py:353: MissingIDFieldWarning: Code cell is missing an id field, this will become a hard error in future nbformat versions. You may want to use `normalize()` on your notebooks before validations (available since nbformat 5.1.4). Previous versions of nbformat are fixing this issue transparently, and will stop doing so in the future.
  validate_nb(model['content'])
[I 17:17:16.542 NotebookApp] Starting buffering for 078d8a60-71fb-4eb5-bd95-306ac1bf71cb:dd8c0afa9d0c4380a650e1fbac4f34e1
[I 17:18:47.871 NotebookApp] Saving file at /Untitled.ipynb
[I 17:20:47.873 NotebookApp] Saving file at /Untitled.ipynb
[I 17:22:47.873 NotebookApp] Saving file at /Untitled.ipynb
[I 17:32:47.910 NotebookApp] Saving file at /Untitled.ipynb
[I 17:34:47.873 NotebookApp] Saving file at /Untitled.ipynb
[I 17:36:47.872 NotebookApp] Saving file at /Untitled.ipynb
[I 17:40:47.876 NotebookApp] Saving file at /Untitled.ipynb
[I 17:42:48.568 NotebookApp] Saving file at /Untitled.ipynb
[I 17:52:47.872 NotebookApp] Saving file at /Untitled.ipynb
[I 17:54:47.867 NotebookApp] Saving file at /Untitled.ipynb
[I 18:03:39.866 NotebookApp] Starting buffering for d07d25c5-92f9-4f2b-9a43-a0d13db516c0:2c50683d708b4019a6481f489cd5ce4c
[W 18:03:43.478 NotebookApp] Notebook Untitled.ipynb is not trusted
[I 18:05:44.598 NotebookApp] Saving file at /Untitled.ipynb
[W 18:05:44.599 NotebookApp] Notebook Untitled.ipynb is not trusted
[I 18:07:43.919 NotebookApp] Saving file at /Untitled.ipynb
[W 18:07:43.920 NotebookApp] Notebook Untitled.ipynb is not trusted
[I 18:09:43.896 NotebookApp] Saving file at /Untitled.ipynb
[W 18:09:43.896 NotebookApp] Notebook Untitled.ipynb is not trusted
[I 18:13:43.894 NotebookApp] Saving file at /Untitled.ipynb
[W 18:13:43.895 NotebookApp] Notebook Untitled.ipynb is not trusted
[I 18:15:43.893 NotebookApp] Saving file at /Untitled.ipynb
[W 18:15:43.894 NotebookApp] Notebook Untitled.ipynb is not trusted
[I 18:17:43.896 NotebookApp] Saving file at /Untitled.ipynb
[W 18:17:43.897 NotebookApp] Notebook Untitled.ipynb is not trusted
[I 18:19:43.896 NotebookApp] Saving file at /Untitled.ipynb
[W 18:19:43.897 NotebookApp] Notebook Untitled.ipynb is not trusted
[I 18:21:51.627 NotebookApp] Starting buffering for d07d25c5-92f9-4f2b-9a43-a0d13db516c0:80aceac4510148848f2779d51a155de0
